<?xml version="1.0" encoding="UTF-8"?>
<!-- Generated by org.testng.reporters.JUnitReportReporter -->
<testsuite hostname="Alnobl" failures="0" tests="1" name="myTestCases.Testcases" time="95.984" errors="0" timestamp="2024-04-07T00:16:50 AST" skipped="0">
  <testcase classname="myTestCases.Testcases" name="myTest" time="95.984"/>
  <system-out/>
</testsuite> <!-- myTestCases.Testcases -->
