<?xml version="1.0" encoding="UTF-8"?>
<!-- Generated by org.testng.reporters.JUnitReportReporter -->
<testsuite hostname="Alnobl" failures="0" tests="2" name="myTestCases.Testcases" time="104.346" errors="0" timestamp="2024-04-07T03:02:41 AST" skipped="0">
  <testcase classname="myTestCases.Testcases" name="myTest" time="29.901"/>
  <system-out/>
  <testcase classname="myTestCases.Testcases" name="loginTest" time="74.445"/>
  <system-out/>
</testsuite> <!-- myTestCases.Testcases -->
