<?xml version="1.0" encoding="UTF-8"?>
<!-- Generated by org.testng.reporters.JUnitReportReporter -->
<testsuite hostname="Alnobl" failures="0" tests="4" name="myTestCases.Testcases" time="23.782" errors="0" timestamp="2024-04-11T05:01:51 AST" skipped="2">
  <testcase classname="myTestCases.Testcases" name="navToTees" time="4.429"/>
  <system-out/>
  <testcase classname="myTestCases.Testcases" name="addFirstThreeItems" time="19.353"/>
  <system-out/>
  <testcase classname="myTestCases.Testcases" name="loginTest">
    <skipped/>
  </testcase> <!-- loginTest -->
  <system-out/>
  <testcase classname="myTestCases.Testcases" name="myTest">
    <skipped/>
  </testcase> <!-- myTest -->
  <system-out/>
</testsuite> <!-- myTestCases.Testcases -->
